2024-08-08 09:43:25,513 INFO o.s.b.StartupInfoLogger [restartedMain] Starting ApexgrocerApplication using Java 17.0.10 with PID 9596 (C:\Users\sonal\Desktop\spring-template-final - Copy\Spring-Security-Template-V4\target\classes started by sonali in C:\Users\sonal\Desktop\spring-template-final - Copy\Spring-Security-Template-V4)
2024-08-08 09:43:25,525 INFO o.s.b.SpringApplication [restartedMain] No active profile set, falling back to 1 default profile: "default"
2024-08-08 09:43:25,673 INFO o.s.b.l.DeferredLog [restartedMain] Devtools property defaults active! Set 'spring.devtools.add-properties' to 'false' to disable
2024-08-08 09:43:25,679 INFO o.s.b.l.DeferredLog [restartedMain] For additional web related logging consider setting the 'logging.level.web' property to 'DEBUG'
2024-08-08 09:43:27,613 INFO o.s.d.r.c.RepositoryConfigurationDelegate [restartedMain] Bootstrapping Spring Data JPA repositories in DEFAULT mode.
2024-08-08 09:43:27,785 INFO o.s.d.r.c.RepositoryConfigurationDelegate [restartedMain] Finished Spring Data repository scanning in 122 ms. Found 4 JPA repository interfaces.
2024-08-08 09:43:29,027 INFO o.s.b.w.e.t.TomcatWebServer [restartedMain] Tomcat initialized with port 8080 (http)
2024-08-08 09:43:29,048 INFO o.a.j.l.DirectJDKLog [restartedMain] Initializing ProtocolHandler ["http-nio-8080"]
2024-08-08 09:43:29,053 INFO o.a.j.l.DirectJDKLog [restartedMain] Starting service [Tomcat]
2024-08-08 09:43:29,058 INFO o.a.j.l.DirectJDKLog [restartedMain] Starting Servlet engine: [Apache Tomcat/10.1.26]
2024-08-08 09:43:29,175 INFO o.a.j.l.DirectJDKLog [restartedMain] Initializing Spring embedded WebApplicationContext
2024-08-08 09:43:29,175 INFO o.s.b.w.s.c.ServletWebServerApplicationContext [restartedMain] Root WebApplicationContext: initialization completed in 3492 ms
2024-08-08 09:43:29,409 INFO o.h.j.i.u.LogHelper [restartedMain] HHH000204: Processing PersistenceUnitInfo [name: default]
2024-08-08 09:43:29,723 INFO o.h.Version [restartedMain] HHH000412: Hibernate ORM core version 6.5.2.Final
2024-08-08 09:43:29,789 INFO o.h.c.i.RegionFactoryInitiator [restartedMain] HHH000026: Second-level cache disabled
2024-08-08 09:43:30,300 INFO o.s.o.j.p.SpringPersistenceUnitInfo [restartedMain] No LoadTimeWeaver setup: ignoring JPA class transformer
2024-08-08 09:43:30,363 INFO c.z.h.HikariDataSource [restartedMain] HikariPool-1 - Starting...
2024-08-08 09:43:30,827 INFO c.z.h.p.HikariPool [restartedMain] HikariPool-1 - Added connection com.mysql.cj.jdbc.ConnectionImpl@69ca9bb7
2024-08-08 09:43:30,830 INFO c.z.h.HikariDataSource [restartedMain] HikariPool-1 - Start completed.
2024-08-08 09:43:30,994 WARN o.h.e.j.d.i.DialectFactoryImpl [restartedMain] HHH90000025: MySQLDialect does not need to be specified explicitly using 'hibernate.dialect' (remove the property setting and it will be selected by default)
2024-08-08 09:43:33,015 INFO o.h.e.t.j.p.i.JtaPlatformInitiator [restartedMain] HHH000489: No JTA platform available (set 'hibernate.transaction.jta.platform' to enable JTA platform integration)
2024-08-08 09:43:33,237 INFO o.s.o.j.AbstractEntityManagerFactoryBean [restartedMain] Initialized JPA EntityManagerFactory for persistence unit 'default'
2024-08-08 09:43:34,478 INFO o.s.s.c.a.a.c.InitializeUserDetailsBeanManagerConfigurer$InitializeUserDetailsManagerConfigurer [restartedMain] Global AuthenticationManager configured with UserDetailsService bean with name userDetailsService
2024-08-08 09:43:35,503 WARN o.s.b.a.o.j.JpaBaseConfiguration$JpaWebConfiguration [restartedMain] spring.jpa.open-in-view is enabled by default. Therefore, database queries may be performed during view rendering. Explicitly configure spring.jpa.open-in-view to disable this warning
2024-08-08 09:43:36,695 DEBUG o.s.s.w.DefaultSecurityFilterChain [restartedMain] Will secure any request with filters: DisableEncodeUrlFilter, WebAsyncManagerIntegrationFilter, SecurityContextHolderFilter, HeaderWriterFilter, CorsFilter, LogoutFilter, JwtAuthenticationFilter, RequestCacheAwareFilter, SecurityContextHolderAwareRequestFilter, AnonymousAuthenticationFilter, SessionManagementFilter, ExceptionTranslationFilter, AuthorizationFilter
2024-08-08 09:43:37,644 INFO o.s.b.d.a.OptionalLiveReloadServer [restartedMain] LiveReload server is running on port 35729
2024-08-08 09:43:37,723 INFO o.a.j.l.DirectJDKLog [restartedMain] Starting ProtocolHandler ["http-nio-8080"]
2024-08-08 09:43:37,788 INFO o.s.b.w.e.t.TomcatWebServer [restartedMain] Tomcat started on port 8080 (http) with context path '/'
2024-08-08 09:43:37,833 INFO o.s.b.StartupInfoLogger [restartedMain] Started ApexgrocerApplication in 12.988 seconds (process running for 13.982)
2024-08-08 09:43:57,453 INFO o.a.j.l.DirectJDKLog [http-nio-8080-exec-1] Initializing Spring DispatcherServlet 'dispatcherServlet'
2024-08-08 09:43:57,453 INFO o.s.w.s.FrameworkServlet [http-nio-8080-exec-1] Initializing Servlet 'dispatcherServlet'
2024-08-08 09:43:57,455 INFO o.s.w.s.FrameworkServlet [http-nio-8080-exec-1] Completed initialization in 0 ms
2024-08-08 09:43:57,484 DEBUG o.s.s.w.FilterChainProxy [http-nio-8080-exec-1] Securing OPTIONS /api/auth/register
2024-08-08 09:43:57,513 DEBUG o.s.s.w.FilterChainProxy [http-nio-8080-exec-3] Securing POST /api/auth/register
2024-08-08 09:43:57,520 DEBUG o.s.s.w.a.AnonymousAuthenticationFilter [http-nio-8080-exec-3] Set SecurityContextHolder to anonymous SecurityContext
2024-08-08 09:43:57,525 DEBUG o.s.s.w.FilterChainProxy [http-nio-8080-exec-3] Secured POST /api/auth/register
2024-08-08 09:49:41,097 DEBUG o.s.s.w.FilterChainProxy [http-nio-8080-exec-2] Securing OPTIONS /api/auth/register
2024-08-08 09:49:41,124 DEBUG o.s.s.w.FilterChainProxy [http-nio-8080-exec-6] Securing POST /api/auth/register
2024-08-08 09:49:41,126 DEBUG o.s.s.w.a.AnonymousAuthenticationFilter [http-nio-8080-exec-6] Set SecurityContextHolder to anonymous SecurityContext
2024-08-08 09:49:41,145 DEBUG o.s.s.w.FilterChainProxy [http-nio-8080-exec-6] Secured POST /api/auth/register
2024-08-08 09:49:52,938 DEBUG o.s.s.w.FilterChainProxy [http-nio-8080-exec-8] Securing OPTIONS /api/auth/login
2024-08-08 09:49:52,946 DEBUG o.s.s.w.FilterChainProxy [http-nio-8080-exec-8] Securing POST /api/auth/login
2024-08-08 09:49:52,954 DEBUG o.s.s.w.a.AnonymousAuthenticationFilter [http-nio-8080-exec-8] Set SecurityContextHolder to anonymous SecurityContext
2024-08-08 09:49:52,964 DEBUG o.s.s.w.FilterChainProxy [http-nio-8080-exec-8] Secured POST /api/auth/login
2024-08-08 09:49:53,366 DEBUG o.s.s.a.d.DaoAuthenticationProvider [http-nio-8080-exec-8] Failed to authenticate since password does not match stored value
2024-08-08 09:49:53,409 DEBUG o.s.s.w.a.Http403ForbiddenEntryPoint [http-nio-8080-exec-8] Pre-authenticated entry point called. Rejecting access
2024-08-08 09:49:53,441 DEBUG o.s.s.w.FilterChainProxy [http-nio-8080-exec-8] Securing POST /error
2024-08-08 09:49:53,445 DEBUG o.s.s.w.a.AnonymousAuthenticationFilter [http-nio-8080-exec-8] Set SecurityContextHolder to anonymous SecurityContext
2024-08-08 09:49:53,446 DEBUG o.s.s.w.a.Http403ForbiddenEntryPoint [http-nio-8080-exec-8] Pre-authenticated entry point called. Rejecting access
2024-08-08 09:51:41,376 DEBUG o.s.s.w.FilterChainProxy [http-nio-8080-exec-5] Securing OPTIONS /api/auth/register
2024-08-08 09:51:41,393 DEBUG o.s.s.w.FilterChainProxy [http-nio-8080-exec-1] Securing POST /api/auth/register
2024-08-08 09:51:41,401 DEBUG o.s.s.w.a.AnonymousAuthenticationFilter [http-nio-8080-exec-1] Set SecurityContextHolder to anonymous SecurityContext
2024-08-08 09:51:41,403 DEBUG o.s.s.w.FilterChainProxy [http-nio-8080-exec-1] Secured POST /api/auth/register
2024-08-08 09:51:55,238 DEBUG o.s.s.w.FilterChainProxy [http-nio-8080-exec-4] Securing OPTIONS /api/auth/login
2024-08-08 09:51:55,244 DEBUG o.s.s.w.FilterChainProxy [http-nio-8080-exec-4] Securing POST /api/auth/login
2024-08-08 09:51:55,246 DEBUG o.s.s.w.a.AnonymousAuthenticationFilter [http-nio-8080-exec-4] Set SecurityContextHolder to anonymous SecurityContext
2024-08-08 09:51:55,255 DEBUG o.s.s.w.FilterChainProxy [http-nio-8080-exec-4] Secured POST /api/auth/login
2024-08-08 09:51:55,370 DEBUG o.s.s.a.d.DaoAuthenticationProvider [http-nio-8080-exec-4] Failed to authenticate since password does not match stored value
2024-08-08 09:51:55,374 DEBUG o.s.s.w.a.Http403ForbiddenEntryPoint [http-nio-8080-exec-4] Pre-authenticated entry point called. Rejecting access
2024-08-08 09:51:55,375 DEBUG o.s.s.w.FilterChainProxy [http-nio-8080-exec-4] Securing POST /error
2024-08-08 09:51:55,380 DEBUG o.s.s.w.a.AnonymousAuthenticationFilter [http-nio-8080-exec-4] Set SecurityContextHolder to anonymous SecurityContext
2024-08-08 09:51:55,380 DEBUG o.s.s.w.a.Http403ForbiddenEntryPoint [http-nio-8080-exec-4] Pre-authenticated entry point called. Rejecting access
2024-08-08 09:55:50,794 DEBUG o.s.s.w.FilterChainProxy [http-nio-8080-exec-6] Securing OPTIONS /api/auth/register
2024-08-08 09:55:50,804 DEBUG o.s.s.w.FilterChainProxy [http-nio-8080-exec-7] Securing POST /api/auth/register
2024-08-08 09:55:50,809 DEBUG o.s.s.w.a.AnonymousAuthenticationFilter [http-nio-8080-exec-7] Set SecurityContextHolder to anonymous SecurityContext
2024-08-08 09:55:50,809 DEBUG o.s.s.w.FilterChainProxy [http-nio-8080-exec-7] Secured POST /api/auth/register
2024-08-08 10:11:52,934 DEBUG o.s.s.w.FilterChainProxy [http-nio-8080-exec-8] Securing OPTIONS /api/auth/register
2024-08-08 10:11:52,976 DEBUG o.s.s.w.FilterChainProxy [http-nio-8080-exec-10] Securing POST /api/auth/register
2024-08-08 10:11:52,978 DEBUG o.s.s.w.a.AnonymousAuthenticationFilter [http-nio-8080-exec-10] Set SecurityContextHolder to anonymous SecurityContext
2024-08-08 10:11:52,986 DEBUG o.s.s.w.FilterChainProxy [http-nio-8080-exec-10] Secured POST /api/auth/register
2024-08-08 10:13:02,139 DEBUG o.s.s.w.FilterChainProxy [http-nio-8080-exec-1] Securing OPTIONS /api/auth/register
2024-08-08 10:13:02,155 DEBUG o.s.s.w.FilterChainProxy [http-nio-8080-exec-1] Securing POST /api/auth/register
2024-08-08 10:13:02,156 DEBUG o.s.s.w.a.AnonymousAuthenticationFilter [http-nio-8080-exec-1] Set SecurityContextHolder to anonymous SecurityContext
2024-08-08 10:13:02,168 DEBUG o.s.s.w.FilterChainProxy [http-nio-8080-exec-1] Secured POST /api/auth/register
2024-08-08 10:13:31,231 DEBUG o.s.s.w.FilterChainProxy [http-nio-8080-exec-4] Securing OPTIONS /api/auth/login
2024-08-08 10:13:31,240 DEBUG o.s.s.w.FilterChainProxy [http-nio-8080-exec-2] Securing POST /api/auth/login
2024-08-08 10:13:31,245 DEBUG o.s.s.w.a.AnonymousAuthenticationFilter [http-nio-8080-exec-2] Set SecurityContextHolder to anonymous SecurityContext
2024-08-08 10:13:31,245 DEBUG o.s.s.w.FilterChainProxy [http-nio-8080-exec-2] Secured POST /api/auth/login
2024-08-08 10:13:31,441 DEBUG o.s.s.a.d.AbstractUserDetailsAuthenticationProvider [http-nio-8080-exec-2] Authenticated user
